C:\USERS\BARAN\DESKTOP\CODE\CS300\HW3\SEARCH ENGINE V2\SEARCH ENGINE V2\DEBUG\SEARCH_ENGINE_V2.OBJ
C:\USERS\BARAN\DESKTOP\CODE\CS300\HW3\SEARCH ENGINE V2\SEARCH ENGINE V2\DEBUG\VC110.PDB
C:\USERS\BARAN\DESKTOP\CODE\CS300\HW3\SEARCH ENGINE V2\DEBUG\SEARCH ENGINE V2.ILK
C:\USERS\BARAN\DESKTOP\CODE\CS300\HW3\SEARCH ENGINE V2\DEBUG\SEARCH ENGINE V2.EXE
C:\USERS\BARAN\DESKTOP\CODE\CS300\HW3\SEARCH ENGINE V2\DEBUG\SEARCH ENGINE V2.PDB
C:\Users\Baran\Desktop\Code\CS300\HW3\Search Engine V2\Search Engine V2\Debug\cl.command.1.tlog
C:\Users\Baran\Desktop\Code\CS300\HW3\Search Engine V2\Search Engine V2\Debug\CL.read.1.tlog
C:\Users\Baran\Desktop\Code\CS300\HW3\Search Engine V2\Search Engine V2\Debug\CL.write.1.tlog
C:\Users\Baran\Desktop\Code\CS300\HW3\Search Engine V2\Search Engine V2\Debug\link-cvtres.read.1.tlog
C:\Users\Baran\Desktop\Code\CS300\HW3\Search Engine V2\Search Engine V2\Debug\link-cvtres.write.1.tlog
C:\Users\Baran\Desktop\Code\CS300\HW3\Search Engine V2\Search Engine V2\Debug\link-rc.read.1.tlog
C:\Users\Baran\Desktop\Code\CS300\HW3\Search Engine V2\Search Engine V2\Debug\link-rc.write.1.tlog
C:\Users\Baran\Desktop\Code\CS300\HW3\Search Engine V2\Search Engine V2\Debug\link.11268-cvtres.read.1.tlog
C:\Users\Baran\Desktop\Code\CS300\HW3\Search Engine V2\Search Engine V2\Debug\link.11268-cvtres.write.1.tlog
C:\Users\Baran\Desktop\Code\CS300\HW3\Search Engine V2\Search Engine V2\Debug\link.11268-rc.read.1.tlog
C:\Users\Baran\Desktop\Code\CS300\HW3\Search Engine V2\Search Engine V2\Debug\link.11268-rc.write.1.tlog
C:\Users\Baran\Desktop\Code\CS300\HW3\Search Engine V2\Search Engine V2\Debug\link.11268.read.1.tlog
C:\Users\Baran\Desktop\Code\CS300\HW3\Search Engine V2\Search Engine V2\Debug\link.11268.write.1.tlog
C:\Users\Baran\Desktop\Code\CS300\HW3\Search Engine V2\Search Engine V2\Debug\link.13908-cvtres.read.1.tlog
C:\Users\Baran\Desktop\Code\CS300\HW3\Search Engine V2\Search Engine V2\Debug\link.13908-cvtres.write.1.tlog
C:\Users\Baran\Desktop\Code\CS300\HW3\Search Engine V2\Search Engine V2\Debug\link.13908-rc.read.1.tlog
C:\Users\Baran\Desktop\Code\CS300\HW3\Search Engine V2\Search Engine V2\Debug\link.13908-rc.write.1.tlog
C:\Users\Baran\Desktop\Code\CS300\HW3\Search Engine V2\Search Engine V2\Debug\link.13908.read.1.tlog
C:\Users\Baran\Desktop\Code\CS300\HW3\Search Engine V2\Search Engine V2\Debug\link.13908.write.1.tlog
C:\Users\Baran\Desktop\Code\CS300\HW3\Search Engine V2\Search Engine V2\Debug\link.14800-cvtres.read.1.tlog
C:\Users\Baran\Desktop\Code\CS300\HW3\Search Engine V2\Search Engine V2\Debug\link.14800-cvtres.write.1.tlog
C:\Users\Baran\Desktop\Code\CS300\HW3\Search Engine V2\Search Engine V2\Debug\link.14800-rc.read.1.tlog
C:\Users\Baran\Desktop\Code\CS300\HW3\Search Engine V2\Search Engine V2\Debug\link.14800-rc.write.1.tlog
C:\Users\Baran\Desktop\Code\CS300\HW3\Search Engine V2\Search Engine V2\Debug\link.14800.read.1.tlog
C:\Users\Baran\Desktop\Code\CS300\HW3\Search Engine V2\Search Engine V2\Debug\link.14800.write.1.tlog
C:\Users\Baran\Desktop\Code\CS300\HW3\Search Engine V2\Search Engine V2\Debug\link.16012-cvtres.read.1.tlog
C:\Users\Baran\Desktop\Code\CS300\HW3\Search Engine V2\Search Engine V2\Debug\link.16012-cvtres.write.1.tlog
C:\Users\Baran\Desktop\Code\CS300\HW3\Search Engine V2\Search Engine V2\Debug\link.16012-rc.read.1.tlog
C:\Users\Baran\Desktop\Code\CS300\HW3\Search Engine V2\Search Engine V2\Debug\link.16012-rc.write.1.tlog
C:\Users\Baran\Desktop\Code\CS300\HW3\Search Engine V2\Search Engine V2\Debug\link.16012.read.1.tlog
C:\Users\Baran\Desktop\Code\CS300\HW3\Search Engine V2\Search Engine V2\Debug\link.16012.write.1.tlog
C:\Users\Baran\Desktop\Code\CS300\HW3\Search Engine V2\Search Engine V2\Debug\link.17448-cvtres.read.1.tlog
C:\Users\Baran\Desktop\Code\CS300\HW3\Search Engine V2\Search Engine V2\Debug\link.17448-cvtres.write.1.tlog
C:\Users\Baran\Desktop\Code\CS300\HW3\Search Engine V2\Search Engine V2\Debug\link.17448-rc.read.1.tlog
C:\Users\Baran\Desktop\Code\CS300\HW3\Search Engine V2\Search Engine V2\Debug\link.17448-rc.write.1.tlog
C:\Users\Baran\Desktop\Code\CS300\HW3\Search Engine V2\Search Engine V2\Debug\link.17448.read.1.tlog
C:\Users\Baran\Desktop\Code\CS300\HW3\Search Engine V2\Search Engine V2\Debug\link.17448.write.1.tlog
C:\Users\Baran\Desktop\Code\CS300\HW3\Search Engine V2\Search Engine V2\Debug\link.20124-cvtres.read.1.tlog
C:\Users\Baran\Desktop\Code\CS300\HW3\Search Engine V2\Search Engine V2\Debug\link.20124-cvtres.write.1.tlog
C:\Users\Baran\Desktop\Code\CS300\HW3\Search Engine V2\Search Engine V2\Debug\link.20124-rc.read.1.tlog
C:\Users\Baran\Desktop\Code\CS300\HW3\Search Engine V2\Search Engine V2\Debug\link.20124-rc.write.1.tlog
C:\Users\Baran\Desktop\Code\CS300\HW3\Search Engine V2\Search Engine V2\Debug\link.20124.read.1.tlog
C:\Users\Baran\Desktop\Code\CS300\HW3\Search Engine V2\Search Engine V2\Debug\link.20124.write.1.tlog
C:\Users\Baran\Desktop\Code\CS300\HW3\Search Engine V2\Search Engine V2\Debug\link.20660-cvtres.read.1.tlog
C:\Users\Baran\Desktop\Code\CS300\HW3\Search Engine V2\Search Engine V2\Debug\link.20660-cvtres.write.1.tlog
C:\Users\Baran\Desktop\Code\CS300\HW3\Search Engine V2\Search Engine V2\Debug\link.20660-rc.read.1.tlog
C:\Users\Baran\Desktop\Code\CS300\HW3\Search Engine V2\Search Engine V2\Debug\link.20660-rc.write.1.tlog
C:\Users\Baran\Desktop\Code\CS300\HW3\Search Engine V2\Search Engine V2\Debug\link.20660.read.1.tlog
C:\Users\Baran\Desktop\Code\CS300\HW3\Search Engine V2\Search Engine V2\Debug\link.20660.write.1.tlog
C:\Users\Baran\Desktop\Code\CS300\HW3\Search Engine V2\Search Engine V2\Debug\link.21384-cvtres.read.1.tlog
C:\Users\Baran\Desktop\Code\CS300\HW3\Search Engine V2\Search Engine V2\Debug\link.21384-cvtres.write.1.tlog
C:\Users\Baran\Desktop\Code\CS300\HW3\Search Engine V2\Search Engine V2\Debug\link.21384-rc.read.1.tlog
C:\Users\Baran\Desktop\Code\CS300\HW3\Search Engine V2\Search Engine V2\Debug\link.21384-rc.write.1.tlog
C:\Users\Baran\Desktop\Code\CS300\HW3\Search Engine V2\Search Engine V2\Debug\link.21384.read.1.tlog
C:\Users\Baran\Desktop\Code\CS300\HW3\Search Engine V2\Search Engine V2\Debug\link.21384.write.1.tlog
C:\Users\Baran\Desktop\Code\CS300\HW3\Search Engine V2\Search Engine V2\Debug\link.3500-cvtres.read.1.tlog
C:\Users\Baran\Desktop\Code\CS300\HW3\Search Engine V2\Search Engine V2\Debug\link.3500-cvtres.write.1.tlog
C:\Users\Baran\Desktop\Code\CS300\HW3\Search Engine V2\Search Engine V2\Debug\link.3500-rc.read.1.tlog
C:\Users\Baran\Desktop\Code\CS300\HW3\Search Engine V2\Search Engine V2\Debug\link.3500-rc.write.1.tlog
C:\Users\Baran\Desktop\Code\CS300\HW3\Search Engine V2\Search Engine V2\Debug\link.3500.read.1.tlog
C:\Users\Baran\Desktop\Code\CS300\HW3\Search Engine V2\Search Engine V2\Debug\link.3500.write.1.tlog
C:\Users\Baran\Desktop\Code\CS300\HW3\Search Engine V2\Search Engine V2\Debug\link.3616-cvtres.read.1.tlog
C:\Users\Baran\Desktop\Code\CS300\HW3\Search Engine V2\Search Engine V2\Debug\link.3616-cvtres.write.1.tlog
C:\Users\Baran\Desktop\Code\CS300\HW3\Search Engine V2\Search Engine V2\Debug\link.3616-rc.read.1.tlog
C:\Users\Baran\Desktop\Code\CS300\HW3\Search Engine V2\Search Engine V2\Debug\link.3616-rc.write.1.tlog
C:\Users\Baran\Desktop\Code\CS300\HW3\Search Engine V2\Search Engine V2\Debug\link.3616.read.1.tlog
C:\Users\Baran\Desktop\Code\CS300\HW3\Search Engine V2\Search Engine V2\Debug\link.3616.write.1.tlog
C:\Users\Baran\Desktop\Code\CS300\HW3\Search Engine V2\Search Engine V2\Debug\link.command.1.tlog
C:\Users\Baran\Desktop\Code\CS300\HW3\Search Engine V2\Search Engine V2\Debug\link.read.1.tlog
C:\Users\Baran\Desktop\Code\CS300\HW3\Search Engine V2\Search Engine V2\Debug\link.write.1.tlog
C:\Users\Baran\Desktop\Code\CS300\HW3\Search Engine V2\Search Engine V2\Debug\vc110.idb
C:\Users\Baran\Desktop\Code\CS300\HW3\Search Engine V2\Search Engine V2\Debug\vc110.pdb
C:\Users\Baran\Desktop\Code\CS300\HW3\Search Engine V2\Debug\Search Engine V2.pdb
C:\Users\Baran\Desktop\Code\CS300\HW3\Search Engine V2\Debug\Search Engine V2.exe
C:\Users\Baran\Desktop\Code\CS300\HW3\Search Engine V2\Debug\Search Engine V2.ilk
